TN:
SF:src/app.controller.ts
FN:6,(anonymous_2)
FN:9,(anonymous_3)
FNF:2
FNH:2
FNDA:1,(anonymous_2)
FNDA:1,(anonymous_3)
DA:1,1
DA:2,1
DA:5,1
DA:6,1
DA:9,1
DA:10,1
LF:6
LH:6
BRF:0
BRH:0
end_of_record
TN:
SF:src/app.module.ts
FN:10,(anonymous_1)
FNF:1
FNH:0
FNDA:0,(anonymous_1)
DA:1,0
DA:2,0
DA:3,0
DA:4,0
DA:11,0
DA:19,0
LF:6
LH:0
BRF:0
BRH:0
end_of_record
TN:
SF:src/app.service.ts
FN:5,(anonymous_1)
FNF:1
FNH:1
FNDA:1,(anonymous_1)
DA:1,1
DA:4,1
DA:6,1
LF:3
LH:3
BRF:0
BRH:0
end_of_record
TN:
SF:src/main.ts
FN:7,bootstrap
FNF:1
FNH:0
FNDA:0,bootstrap
DA:2,0
DA:3,0
DA:4,0
DA:5,0
DA:8,0
DA:11,0
DA:13,0
DA:20,0
DA:21,0
DA:23,0
DA:25,0
LF:11
LH:0
BRF:0
BRH:0
end_of_record
TN:
SF:src/config/ormconfig.ts
FNF:0
FNH:0
DA:2,0
DA:3,0
DA:5,0
LF:3
LH:0
BRF:0
BRH:0
end_of_record
TN:
SF:src/location/location.controller.ts
FN:7,(anonymous_4)
FN:10,(anonymous_5)
FN:15,(anonymous_6)
FN:20,(anonymous_7)
FN:25,(anonymous_8)
FN:30,(anonymous_9)
FNF:6
FNH:4
FNDA:8,(anonymous_4)
FNDA:2,(anonymous_5)
FNDA:2,(anonymous_6)
FNDA:2,(anonymous_7)
FNDA:0,(anonymous_8)
FNDA:0,(anonymous_9)
DA:1,2
DA:2,2
DA:3,2
DA:6,2
DA:7,8
DA:10,2
DA:11,2
DA:15,2
DA:16,2
DA:20,2
DA:21,2
DA:25,2
DA:26,0
DA:30,2
DA:31,0
LF:15
LH:13
BRF:0
BRH:0
end_of_record
TN:
SF:src/location/location.module.ts
FNF:0
FNH:0
DA:2,0
DA:3,0
DA:4,0
DA:5,0
DA:6,0
DA:13,0
LF:6
LH:0
BRF:0
BRH:0
end_of_record
TN:
SF:src/location/location.service.ts
FN:10,(anonymous_4)
FN:15,(anonymous_5)
FN:26,(anonymous_6)
FN:30,(anonymous_7)
FN:43,(anonymous_8)
FN:51,(anonymous_9)
FNF:6
FNH:0
FNDA:0,(anonymous_4)
FNDA:0,(anonymous_5)
FNDA:0,(anonymous_6)
FNDA:0,(anonymous_7)
FNDA:0,(anonymous_8)
FNDA:0,(anonymous_9)
DA:2,2
DA:3,2
DA:4,2
DA:5,2
DA:9,2
DA:12,0
DA:17,0
DA:23,0
DA:27,0
DA:31,0
DA:36,0
DA:37,0
DA:40,0
DA:45,0
DA:47,0
DA:48,0
DA:52,0
LF:17
LH:5
BRDA:36,0,0,0
BRF:1
BRH:0
end_of_record
TN:
SF:src/location/dto/create-location.dto.ts
FNF:0
FNH:0
DA:1,2
DA:2,2
DA:6,2
DA:8,2
DA:11,2
DA:14,2
DA:17,2
DA:20,2
DA:23,2
LF:9
LH:9
BRF:0
BRH:0
end_of_record
TN:
SF:src/location/dto/location.dto.ts
FN:5,(anonymous_0)
FN:6,(anonymous_1)
FNF:2
FNH:2
FNDA:2,(anonymous_0)
FNDA:2,(anonymous_1)
DA:1,2
DA:2,2
DA:5,4
DA:6,4
LF:4
LH:4
BRF:0
BRH:0
end_of_record
TN:
SF:src/location/dto/update-location.dto.ts
FNF:0
FNH:0
DA:1,2
DA:2,2
DA:4,2
LF:3
LH:3
BRF:0
BRH:0
end_of_record
TN:
SF:src/location/entities/location.entity.ts
FNF:0
FNH:0
DA:1,2
DA:5,2
DA:7,2
DA:10,2
DA:13,2
DA:16,2
DA:19,2
DA:22,2
LF:8
LH:8
BRF:0
BRH:0
end_of_record
TN:
SF:src/scripts/seed-data.ts
FN:7,createDatabaseIfNotExists
FN:32,(anonymous_7)
FN:45,(anonymous_8)
FN:76,(anonymous_9)
FNF:4
FNH:0
FNDA:0,createDatabaseIfNotExists
FNDA:0,(anonymous_7)
FNDA:0,(anonymous_8)
FNDA:0,(anonymous_9)
DA:1,0
DA:2,0
DA:3,0
DA:4,0
DA:5,0
DA:8,0
DA:16,0
DA:19,0
DA:20,0
DA:22,0
DA:23,0
DA:25,0
DA:28,0
DA:32,0
DA:33,0
DA:35,0
DA:36,0
DA:37,0
DA:40,0
DA:41,0
DA:43,0
DA:45,0
DA:46,0
DA:48,0
DA:56,0
DA:59,0
DA:60,0
DA:66,0
DA:67,0
DA:69,0
DA:71,0
DA:76,0
DA:77,0
LF:33
LH:0
BRDA:20,0,0,0
BRDA:20,0,1,0
BRDA:45,1,0,0
BRDA:59,2,0,0
BRDA:59,3,0,0
BRDA:59,3,1,0
BRF:6
BRH:0
end_of_record
